<?xml version="1.0" encoding="UTF-8"?>
<!-- Generated by org.testng.reporters.JUnitXMLReporter -->
<testsuite hostname="LiuYongjian" ignored="0" name="ParallelThread1" tests="4" failures="0" timestamp="17 二月 2019 13:10:47 GMT" time="75.698" errors="0">
  <testcase name="runScenario" time="22.04" classname="cucumber.api.testng.AbstractTestNGCucumberTests"/>
  <testcase name="runScenario" time="17.208" classname="cucumber.api.testng.AbstractTestNGCucumberTests"/>
  <testcase name="runScenario" time="16.957" classname="cucumber.api.testng.AbstractTestNGCucumberTests"/>
  <testcase name="runScenario" time="18.673" classname="cucumber.api.testng.AbstractTestNGCucumberTests"/>
</testsuite> <!-- ParallelThread1 -->
