-------------------------------------------------------------------------------
Test set: com.frank.cucumberframework.testrunners.WebTestRunner
-------------------------------------------------------------------------------
Tests run: 1, Failures: 1, Errors: 0, Skipped: 0, Time elapsed: 25.192 s <<< FAILURE! - in com.frank.cucumberframework.testrunners.WebTestRunner
runScenario(com.frank.cucumberframework.testrunners.WebTestRunner)  Time elapsed: 21.88 s  <<< FAILURE!
java.lang.AssertionError: URL judgement has been failed!

