<?xml version="1.0" encoding="UTF-8"?>
<testsuite xmlns:xsi="http://www.w3.org/2001/XMLSchema-instance" xsi:noNamespaceSchemaLocation="https://maven.apache.org/surefire/maven-surefire-plugin/xsd/surefire-test-report-3.0.xsd" version="3.0" name="com.frank.cucumberframework.testrunners.WebTestRunner" time="25.192" tests="1" errors="0" skipped="0" failures="1">
  <properties>
[...]
</properties>
  <testcase name="runScenario" classname="com.frank.cucumberframework.testrunners.WebTestRunner" time="21.88">
    <failure message="URL judgement has been failed!" type="java.lang.AssertionError">java.lang.AssertionError: URL judgement has been failed!
</failure>
    <system-out><![CDATA[Start webdriver
Take Screenshot successfully
Stop webdriver
]]></system-out>
    <system-err><![CDATA[Starting ChromeDriver 2.42.591088 (7b2b2dca23cca0862f674758c9a3933e685c27d5) on port 42930
Only local connections are allowed.
二月 17, 2019 5:30:30 下午 org.openqa.selenium.remote.ProtocolHandshake createSession
INFO: Detected dialect: OSS
]]></system-err>
  </testcase>
</testsuite>